# do {Testbench_simulate.do}
# vsim -voptargs=""+acc"" -L xil_defaultlib -L secureip -L xpm -lib xil_defaultlib xil_defaultlib.Testbench 
# Start time: 19:07:53 on Jul 25,2019
# ** Note: (vsim-8009) Loading existing optimized design _opt
# //  ModelSim SE-64 10.6b May 25 2017Linux 4.15.0-55-generic
# //
# //  Copyright 1991-2017 Mentor Graphics Corporation
# //  All Rights Reserved.
# //
# //  ModelSim SE-64 and its associated documentation contain trade
# //  secrets and commercial or financial information that are the property of
# //  Mentor Graphics Corporation and are privileged, confidential,
# //  and exempt from disclosure under the Freedom of Information Act,
# //  5 U.S.C. Section 552. Furthermore, this information
# //  is prohibited from disclosure under the Trade Secrets Act,
# //  18 U.S.C. Section 1905.
# //
# Loading std.standard
# Loading std.textio(body)
# Loading ieee.std_logic_1164(body)
# Loading ieee.numeric_std(body)
# Loading ieee.math_real(body)
# Loading work.utilities_pkg(body)
# Loading work.funkyminibus(body)
# Loading work.data_types
# Loading ieee.std_logic_textio(body)
# Loading work.testbench(behavioral)#1
# Loading work.linkgenerator(behavioral)#1
# Loading ieee.std_logic_arith(body)
# Loading ieee.std_logic_unsigned(body)
# Loading work.algo(behavioral)#1
# Loading work.linkformatter2(behavioral)#1
# Loading work.cicstubpipe(behavioral)#1
# Loading work.stubformatter2(behavioral)#1
# Loading work.genpromclocked(behavioral)#1
# Loading work.fmbusramdecoder(behavioral)#1
# Loading work.genpromclocked(behavioral)#2
# Loading work.genpromclocked(behavioral)#3
# Loading work.stubpipe(behavioral)#1
# Loading work.getcorrectionmatrix(behavioral)#1
# Loading work.coordinatecorrector2(behavioral)#1
# Loading work.routerinputreformatting(behavioral)#1
# ** Warning: (vsim-8684) No drivers exist on out port /testbench/AlgoInstance/RouterInputReformattingInstance/WordsOut(0)(63 downto 7), and its initial value is not used.
# Therefore, simulation behavior may occur that is not in compliance with
# the VHDL standard as the initial values come from the base signal /testbench/links_out(0)(63 downto 7).
# ** Warning: (vsim-8684) No drivers exist on out port /testbench/AlgoInstance/RouterInputReformattingInstance/WordsOut(1)(63 downto 54), and its initial value is not used.
# Therefore, simulation behavior may occur that is not in compliance with
# the VHDL standard as the initial values come from the base signal /testbench/links_out(1)(63 downto 54).
# ** Warning: (vsim-8684) No drivers exist on out port /testbench/AlgoInstance/RouterInputReformattingInstance/WordsOut(2)(63 downto 7), and its initial value is not used.
# Therefore, simulation behavior may occur that is not in compliance with
# the VHDL standard as the initial values come from the base signal /testbench/links_out(2)(63 downto 7).
# ** Warning: (vsim-8684) No drivers exist on out port /testbench/AlgoInstance/RouterInputReformattingInstance/WordsOut(3)(63 downto 54), and its initial value is not used.
# Therefore, simulation behavior may occur that is not in compliance with
# the VHDL standard as the initial values come from the base signal /testbench/links_out(3)(63 downto 54).
# ** Warning: (vsim-8684) No drivers exist on out port /testbench/AlgoInstance/RouterInputReformattingInstance/WordsOut(4)(63 downto 7), and its initial value is not used.
# Therefore, simulation behavior may occur that is not in compliance with
# the VHDL standard as the initial values come from the base signal /testbench/links_out(4)(63 downto 7).
# ** Warning: (vsim-8684) No drivers exist on out port /testbench/AlgoInstance/RouterInputReformattingInstance/WordsOut(5)(63 downto 54), and its initial value is not used.
# Therefore, simulation behavior may occur that is not in compliance with
# the VHDL standard as the initial values come from the base signal /testbench/links_out(5)(63 downto 54).
# ** Warning: (vsim-8684) No drivers exist on out port /testbench/AlgoInstance/RouterInputReformattingInstance/WordsOut(6)(63 downto 7), and its initial value is not used.
# Therefore, simulation behavior may occur that is not in compliance with
# the VHDL standard as the initial values come from the base signal /testbench/links_out(6)(63 downto 7).
# ** Warning: (vsim-8684) No drivers exist on out port /testbench/AlgoInstance/RouterInputReformattingInstance/WordsOut(7)(63 downto 54), and its initial value is not used.
# Therefore, simulation behavior may occur that is not in compliance with
# the VHDL standard as the initial values come from the base signal /testbench/links_out(7)(63 downto 54).
# ** Warning: (vsim-8684) No drivers exist on out port /testbench/AlgoInstance/RouterInputReformattingInstance/WordsOut(8)(63 downto 7), and its initial value is not used.
# Therefore, simulation behavior may occur that is not in compliance with
# the VHDL standard as the initial values come from the base signal /testbench/links_out(8)(63 downto 7).
# ** Warning: (vsim-8684) No drivers exist on out port /testbench/AlgoInstance/RouterInputReformattingInstance/WordsOut(9)(63 downto 54), and its initial value is not used.
# Therefore, simulation behavior may occur that is not in compliance with
# the VHDL standard as the initial values come from the base signal /testbench/links_out(9)(63 downto 54).
# ** Warning: (vsim-8684) No drivers exist on out port /testbench/AlgoInstance/RouterInputReformattingInstance/WordsOut(10)(63 downto 7), and its initial value is not used.
# Therefore, simulation behavior may occur that is not in compliance with
# the VHDL standard as the initial values come from the base signal /testbench/links_out(10)(63 downto 7).
# ** Warning: (vsim-8684) No drivers exist on out port /testbench/AlgoInstance/RouterInputReformattingInstance/WordsOut(11)(63 downto 54), and its initial value is not used.
# Therefore, simulation behavior may occur that is not in compliance with
# the VHDL standard as the initial values come from the base signal /testbench/links_out(11)(63 downto 54).
# ** Warning: (vsim-8684) No drivers exist on out port /testbench/AlgoInstance/RouterInputReformattingInstance/WordsOut(12)(63 downto 7), and its initial value is not used.
# Therefore, simulation behavior may occur that is not in compliance with
# the VHDL standard as the initial values come from the base signal /testbench/links_out(12)(63 downto 7).
# ** Warning: (vsim-8684) No drivers exist on out port /testbench/AlgoInstance/RouterInputReformattingInstance/WordsOut(13)(63 downto 54), and its initial value is not used.
# Therefore, simulation behavior may occur that is not in compliance with
# the VHDL standard as the initial values come from the base signal /testbench/links_out(13)(63 downto 54).
# ** Warning: (vsim-8684) No drivers exist on out port /testbench/AlgoInstance/RouterInputReformattingInstance/WordsOut(14)(63 downto 7), and its initial value is not used.
# Therefore, simulation behavior may occur that is not in compliance with
# the VHDL standard as the initial values come from the base signal /testbench/links_out(14)(63 downto 7).
# ** Warning: (vsim-8684) No drivers exist on out port /testbench/AlgoInstance/RouterInputReformattingInstance/WordsOut(15)(63 downto 54), and its initial value is not used.
# Therefore, simulation behavior may occur that is not in compliance with
# the VHDL standard as the initial values come from the base signal /testbench/links_out(15)(63 downto 54).
# ** Warning: (vsim-8684) No drivers exist on out port /testbench/AlgoInstance/RouterInputReformattingInstance/WordsOut(16)(63 downto 7), and its initial value is not used.
# Therefore, simulation behavior may occur that is not in compliance with
# the VHDL standard as the initial values come from the base signal /testbench/links_out(16)(63 downto 7).
# ** Warning: (vsim-8684) No drivers exist on out port /testbench/AlgoInstance/RouterInputReformattingInstance/WordsOut(17)(63 downto 54), and its initial value is not used.
# Therefore, simulation behavior may occur that is not in compliance with
# the VHDL standard as the initial values come from the base signal /testbench/links_out(17)(63 downto 54).
# ** Warning: (vsim-8684) No drivers exist on out port /testbench/AlgoInstance/RouterInputReformattingInstance/WordsOut(18)(63 downto 7), and its initial value is not used.
# Therefore, simulation behavior may occur that is not in compliance with
# the VHDL standard as the initial values come from the base signal /testbench/links_out(18)(63 downto 7).
# ** Warning: (vsim-8684) No drivers exist on out port /testbench/AlgoInstance/RouterInputReformattingInstance/WordsOut(19)(63 downto 54), and its initial value is not used.
# Therefore, simulation behavior may occur that is not in compliance with
# the VHDL standard as the initial values come from the base signal /testbench/links_out(19)(63 downto 54).
# ** Warning: (vsim-8684) No drivers exist on out port /testbench/AlgoInstance/RouterInputReformattingInstance/WordsOut(20)(63 downto 7), and its initial value is not used.
# Therefore, simulation behavior may occur that is not in compliance with
# the VHDL standard as the initial values come from the base signal /testbench/links_out(20)(63 downto 7).
# ** Warning: (vsim-8684) No drivers exist on out port /testbench/AlgoInstance/RouterInputReformattingInstance/WordsOut(21)(63 downto 54), and its initial value is not used.
# Therefore, simulation behavior may occur that is not in compliance with
# the VHDL standard as the initial values come from the base signal /testbench/links_out(21)(63 downto 54).
# ** Warning: (vsim-8684) No drivers exist on out port /testbench/AlgoInstance/RouterInputReformattingInstance/WordsOut(22)(63 downto 7), and its initial value is not used.
# Therefore, simulation behavior may occur that is not in compliance with
# the VHDL standard as the initial values come from the base signal /testbench/links_out(22)(63 downto 7).
# ** Warning: (vsim-8684) No drivers exist on out port /testbench/AlgoInstance/RouterInputReformattingInstance/WordsOut(23)(63 downto 54), and its initial value is not used.
# Therefore, simulation behavior may occur that is not in compliance with
# the VHDL standard as the initial values come from the base signal /testbench/links_out(23)(63 downto 54).
# ** Warning: (vsim-8684) No drivers exist on out port /testbench/AlgoInstance/RouterInputReformattingInstance/WordsOut(24)(63 downto 7), and its initial value is not used.
# Therefore, simulation behavior may occur that is not in compliance with
# the VHDL standard as the initial values come from the base signal /testbench/links_out(24)(63 downto 7).
# ** Warning: (vsim-8684) No drivers exist on out port /testbench/AlgoInstance/RouterInputReformattingInstance/WordsOut(25)(63 downto 54), and its initial value is not used.
# Therefore, simulation behavior may occur that is not in compliance with
# the VHDL standard as the initial values come from the base signal /testbench/links_out(25)(63 downto 54).
# ** Warning: (vsim-8684) No drivers exist on out port /testbench/AlgoInstance/RouterInputReformattingInstance/WordsOut(26)(63 downto 7), and its initial value is not used.
# Therefore, simulation behavior may occur that is not in compliance with
# the VHDL standard as the initial values come from the base signal /testbench/links_out(26)(63 downto 7).
# ** Warning: (vsim-8684) No drivers exist on out port /testbench/AlgoInstance/RouterInputReformattingInstance/WordsOut(27)(63 downto 54), and its initial value is not used.
# Therefore, simulation behavior may occur that is not in compliance with
# the VHDL standard as the initial values come from the base signal /testbench/links_out(27)(63 downto 54).
# ** Warning: (vsim-8684) No drivers exist on out port /testbench/AlgoInstance/RouterInputReformattingInstance/WordsOut(28)(63 downto 7), and its initial value is not used.
# Therefore, simulation behavior may occur that is not in compliance with
# the VHDL standard as the initial values come from the base signal /testbench/links_out(28)(63 downto 7).
# ** Warning: (vsim-8684) No drivers exist on out port /testbench/AlgoInstance/RouterInputReformattingInstance/WordsOut(29)(63 downto 54), and its initial value is not used.
# Therefore, simulation behavior may occur that is not in compliance with
# the VHDL standard as the initial values come from the base signal /testbench/links_out(29)(63 downto 54).
# ** Warning: (vsim-8684) No drivers exist on out port /testbench/AlgoInstance/RouterInputReformattingInstance/WordsOut(30)(63 downto 7), and its initial value is not used.
# Therefore, simulation behavior may occur that is not in compliance with
# the VHDL standard as the initial values come from the base signal /testbench/links_out(30)(63 downto 7).
# ** Warning: (vsim-8684) No drivers exist on out port /testbench/AlgoInstance/RouterInputReformattingInstance/WordsOut(31)(63 downto 54), and its initial value is not used.
# Therefore, simulation behavior may occur that is not in compliance with
# the VHDL standard as the initial values come from the base signal /testbench/links_out(31)(63 downto 54).
# ** Warning: (vsim-8684) No drivers exist on out port /testbench/AlgoInstance/RouterInputReformattingInstance/WordsOut(32)(63 downto 7), and its initial value is not used.
# Therefore, simulation behavior may occur that is not in compliance with
# the VHDL standard as the initial values come from the base signal /testbench/links_out(32)(63 downto 7).
# ** Warning: (vsim-8684) No drivers exist on out port /testbench/AlgoInstance/RouterInputReformattingInstance/WordsOut(33)(63 downto 54), and its initial value is not used.
# Therefore, simulation behavior may occur that is not in compliance with
# the VHDL standard as the initial values come from the base signal /testbench/links_out(33)(63 downto 54).
# ** Warning: (vsim-8684) No drivers exist on out port /testbench/AlgoInstance/RouterInputReformattingInstance/WordsOut(34)(63 downto 7), and its initial value is not used.
# Therefore, simulation behavior may occur that is not in compliance with
# the VHDL standard as the initial values come from the base signal /testbench/links_out(34)(63 downto 7).
# ** Warning: (vsim-8684) No drivers exist on out port /testbench/AlgoInstance/RouterInputReformattingInstance/WordsOut(35)(63 downto 54), and its initial value is not used.
# Therefore, simulation behavior may occur that is not in compliance with
# the VHDL standard as the initial values come from the base signal /testbench/links_out(35)(63 downto 54).
# ** Warning: (vsim-8684) No drivers exist on out port /testbench/AlgoInstance/RouterInputReformattingInstance/WordsOut(36)(63 downto 7), and its initial value is not used.
# Therefore, simulation behavior may occur that is not in compliance with
# the VHDL standard as the initial values come from the base signal /testbench/links_out(36)(63 downto 7).
# ** Warning: (vsim-8684) No drivers exist on out port /testbench/AlgoInstance/RouterInputReformattingInstance/WordsOut(37)(63 downto 54), and its initial value is not used.
# Therefore, simulation behavior may occur that is not in compliance with
# the VHDL standard as the initial values come from the base signal /testbench/links_out(37)(63 downto 54).
# ** Warning: (vsim-8684) No drivers exist on out port /testbench/AlgoInstance/RouterInputReformattingInstance/WordsOut(38)(63 downto 7), and its initial value is not used.
# Therefore, simulation behavior may occur that is not in compliance with
# the VHDL standard as the initial values come from the base signal /testbench/links_out(38)(63 downto 7).
# ** Warning: (vsim-8684) No drivers exist on out port /testbench/AlgoInstance/RouterInputReformattingInstance/WordsOut(39)(63 downto 54), and its initial value is not used.
# Therefore, simulation behavior may occur that is not in compliance with
# the VHDL standard as the initial values come from the base signal /testbench/links_out(39)(63 downto 54).
# ** Warning: (vsim-8684) No drivers exist on out port /testbench/AlgoInstance/RouterInputReformattingInstance/WordsOut(40)(63 downto 7), and its initial value is not used.
# Therefore, simulation behavior may occur that is not in compliance with
# the VHDL standard as the initial values come from the base signal /testbench/links_out(40)(63 downto 7).
# ** Warning: (vsim-8684) No drivers exist on out port /testbench/AlgoInstance/RouterInputReformattingInstance/WordsOut(41)(63 downto 54), and its initial value is not used.
# Therefore, simulation behavior may occur that is not in compliance with
# the VHDL standard as the initial values come from the base signal /testbench/links_out(41)(63 downto 54).
# ** Warning: (vsim-8684) No drivers exist on out port /testbench/AlgoInstance/RouterInputReformattingInstance/WordsOut(42)(63 downto 7), and its initial value is not used.
# Therefore, simulation behavior may occur that is not in compliance with
# the VHDL standard as the initial values come from the base signal /testbench/links_out(42)(63 downto 7).
# ** Warning: (vsim-8684) No drivers exist on out port /testbench/AlgoInstance/RouterInputReformattingInstance/WordsOut(43)(63 downto 54), and its initial value is not used.
# Therefore, simulation behavior may occur that is not in compliance with
# the VHDL standard as the initial values come from the base signal /testbench/links_out(43)(63 downto 54).
# ** Warning: (vsim-8684) No drivers exist on out port /testbench/AlgoInstance/RouterInputReformattingInstance/WordsOut(44)(63 downto 7), and its initial value is not used.
# Therefore, simulation behavior may occur that is not in compliance with
# the VHDL standard as the initial values come from the base signal /testbench/links_out(44)(63 downto 7).
# ** Warning: (vsim-8684) No drivers exist on out port /testbench/AlgoInstance/RouterInputReformattingInstance/WordsOut(45)(63 downto 54), and its initial value is not used.
# Therefore, simulation behavior may occur that is not in compliance with
# the VHDL standard as the initial values come from the base signal /testbench/links_out(45)(63 downto 54).
# ** Warning: (vsim-8684) No drivers exist on out port /testbench/AlgoInstance/RouterInputReformattingInstance/WordsOut(46)(63 downto 7), and its initial value is not used.
# Therefore, simulation behavior may occur that is not in compliance with
# the VHDL standard as the initial values come from the base signal /testbench/links_out(46)(63 downto 7).
# ** Warning: (vsim-8684) No drivers exist on out port /testbench/AlgoInstance/RouterInputReformattingInstance/WordsOut(47)(63 downto 54), and its initial value is not used.
# Therefore, simulation behavior may occur that is not in compliance with
# the VHDL standard as the initial values come from the base signal /testbench/links_out(47)(63 downto 54).
# ** Warning: (vsim-8684) No drivers exist on out port /testbench/AlgoInstance/RouterInputReformattingInstance/WordsOut(48)(63 downto 7), and its initial value is not used.
# Therefore, simulation behavior may occur that is not in compliance with
# the VHDL standard as the initial values come from the base signal /testbench/links_out(48)(63 downto 7).
# ** Warning: (vsim-8684) No drivers exist on out port /testbench/AlgoInstance/RouterInputReformattingInstance/WordsOut(49)(63 downto 54), and its initial value is not used.
# Therefore, simulation behavior may occur that is not in compliance with
# the VHDL standard as the initial values come from the base signal /testbench/links_out(49)(63 downto 54).
# ** Warning: (vsim-8684) No drivers exist on out port /testbench/AlgoInstance/RouterInputReformattingInstance/WordsOut(50)(63 downto 7), and its initial value is not used.
# Therefore, simulation behavior may occur that is not in compliance with
# the VHDL standard as the initial values come from the base signal /testbench/links_out(50)(63 downto 7).
# ** Warning: (vsim-8684) No drivers exist on out port /testbench/AlgoInstance/RouterInputReformattingInstance/WordsOut(51)(63 downto 54), and its initial value is not used.
# Therefore, simulation behavior may occur that is not in compliance with
# the VHDL standard as the initial values come from the base signal /testbench/links_out(51)(63 downto 54).
# ** Warning: (vsim-8684) No drivers exist on out port /testbench/AlgoInstance/RouterInputReformattingInstance/WordsOut(52)(63 downto 7), and its initial value is not used.
# Therefore, simulation behavior may occur that is not in compliance with
# the VHDL standard as the initial values come from the base signal /testbench/links_out(52)(63 downto 7).
# ** Warning: (vsim-8684) No drivers exist on out port /testbench/AlgoInstance/RouterInputReformattingInstance/WordsOut(53)(63 downto 54), and its initial value is not used.
# Therefore, simulation behavior may occur that is not in compliance with
# the VHDL standard as the initial values come from the base signal /testbench/links_out(53)(63 downto 54).
# ** Warning: (vsim-8684) No drivers exist on out port /testbench/AlgoInstance/RouterInputReformattingInstance/WordsOut(54)(63 downto 7), and its initial value is not used.
# Therefore, simulation behavior may occur that is not in compliance with
# the VHDL standard as the initial values come from the base signal /testbench/links_out(54)(63 downto 7).
# ** Warning: (vsim-8684) No drivers exist on out port /testbench/AlgoInstance/RouterInputReformattingInstance/WordsOut(55)(63 downto 54), and its initial value is not used.
# Therefore, simulation behavior may occur that is not in compliance with
# the VHDL standard as the initial values come from the base signal /testbench/links_out(55)(63 downto 54).
# ** Warning: (vsim-8684) No drivers exist on out port /testbench/AlgoInstance/RouterInputReformattingInstance/WordsOut(56)(63 downto 7), and its initial value is not used.
# Therefore, simulation behavior may occur that is not in compliance with
# the VHDL standard as the initial values come from the base signal /testbench/links_out(56)(63 downto 7).
# ** Warning: (vsim-8684) No drivers exist on out port /testbench/AlgoInstance/RouterInputReformattingInstance/WordsOut(57)(63 downto 54), and its initial value is not used.
# Therefore, simulation behavior may occur that is not in compliance with
# the VHDL standard as the initial values come from the base signal /testbench/links_out(57)(63 downto 54).
# ** Warning: (vsim-8684) No drivers exist on out port /testbench/AlgoInstance/RouterInputReformattingInstance/WordsOut(58)(63 downto 7), and its initial value is not used.
# Therefore, simulation behavior may occur that is not in compliance with
# the VHDL standard as the initial values come from the base signal /testbench/links_out(58)(63 downto 7).
# ** Warning: (vsim-8684) No drivers exist on out port /testbench/AlgoInstance/RouterInputReformattingInstance/WordsOut(59)(63 downto 54), and its initial value is not used.
# Therefore, simulation behavior may occur that is not in compliance with
# the VHDL standard as the initial values come from the base signal /testbench/links_out(59)(63 downto 54).
# ** Warning: (vsim-8684) No drivers exist on out port /testbench/AlgoInstance/RouterInputReformattingInstance/WordsOut(60)(63 downto 7), and its initial value is not used.
# Therefore, simulation behavior may occur that is not in compliance with
# the VHDL standard as the initial values come from the base signal /testbench/links_out(60)(63 downto 7).
# ** Warning: (vsim-8684) No drivers exist on out port /testbench/AlgoInstance/RouterInputReformattingInstance/WordsOut(61)(63 downto 54), and its initial value is not used.
# Therefore, simulation behavior may occur that is not in compliance with
# the VHDL standard as the initial values come from the base signal /testbench/links_out(61)(63 downto 54).
# ** Warning: (vsim-8684) No drivers exist on out port /testbench/AlgoInstance/RouterInputReformattingInstance/WordsOut(62)(63 downto 7), and its initial value is not used.
# Therefore, simulation behavior may occur that is not in compliance with
# the VHDL standard as the initial values come from the base signal /testbench/links_out(62)(63 downto 7).
# ** Warning: (vsim-8684) No drivers exist on out port /testbench/AlgoInstance/RouterInputReformattingInstance/WordsOut(63)(63 downto 54), and its initial value is not used.
# Therefore, simulation behavior may occur that is not in compliance with
# the VHDL standard as the initial values come from the base signal /testbench/links_out(63)(63 downto 54).
# ** Warning: (vsim-8684) No drivers exist on out port /testbench/AlgoInstance/RouterInputReformattingInstance/WordsOut(64)(63 downto 7), and its initial value is not used.
# Therefore, simulation behavior may occur that is not in compliance with
# the VHDL standard as the initial values come from the base signal /testbench/links_out(64)(63 downto 7).
# ** Warning: (vsim-8684) No drivers exist on out port /testbench/AlgoInstance/RouterInputReformattingInstance/WordsOut(65)(63 downto 54), and its initial value is not used.
# Therefore, simulation behavior may occur that is not in compliance with
# the VHDL standard as the initial values come from the base signal /testbench/links_out(65)(63 downto 54).
# ** Warning: (vsim-8684) No drivers exist on out port /testbench/AlgoInstance/RouterInputReformattingInstance/WordsOut(66)(63 downto 7), and its initial value is not used.
# Therefore, simulation behavior may occur that is not in compliance with
# the VHDL standard as the initial values come from the base signal /testbench/links_out(66)(63 downto 7).
# ** Warning: (vsim-8684) No drivers exist on out port /testbench/AlgoInstance/RouterInputReformattingInstance/WordsOut(67)(63 downto 54), and its initial value is not used.
# Therefore, simulation behavior may occur that is not in compliance with
# the VHDL standard as the initial values come from the base signal /testbench/links_out(67)(63 downto 54).
# ** Warning: (vsim-8684) No drivers exist on out port /testbench/AlgoInstance/RouterInputReformattingInstance/WordsOut(68)(63 downto 7), and its initial value is not used.
# Therefore, simulation behavior may occur that is not in compliance with
# the VHDL standard as the initial values come from the base signal /testbench/links_out(68)(63 downto 7).
# ** Warning: (vsim-8684) No drivers exist on out port /testbench/AlgoInstance/RouterInputReformattingInstance/WordsOut(69)(63 downto 54), and its initial value is not used.
# Therefore, simulation behavior may occur that is not in compliance with
# the VHDL standard as the initial values come from the base signal /testbench/links_out(69)(63 downto 54).
# ** Warning: (vsim-8684) No drivers exist on out port /testbench/AlgoInstance/RouterInputReformattingInstance/WordsOut(70)(63 downto 7), and its initial value is not used.
# Therefore, simulation behavior may occur that is not in compliance with
# the VHDL standard as the initial values come from the base signal /testbench/links_out(70)(63 downto 7).
# ** Warning: (vsim-8684) No drivers exist on out port /testbench/AlgoInstance/RouterInputReformattingInstance/WordsOut(71)(63 downto 54), and its initial value is not used.
# Therefore, simulation behavior may occur that is not in compliance with
# the VHDL standard as the initial values come from the base signal /testbench/links_out(71)(63 downto 54).
# ** Warning: (vsim-8684) No drivers exist on out port /testbench/AlgoInstance/RouterInputReformattingInstance/WordsOut(72)(63 downto 7), and its initial value is not used.
# Therefore, simulation behavior may occur that is not in compliance with
# the VHDL standard as the initial values come from the base signal /testbench/links_out(72)(63 downto 7).
# ** Warning: (vsim-8684) No drivers exist on out port /testbench/AlgoInstance/RouterInputReformattingInstance/WordsOut(73)(63 downto 54), and its initial value is not used.
# Therefore, simulation behavior may occur that is not in compliance with
# the VHDL standard as the initial values come from the base signal /testbench/links_out(73)(63 downto 54).
# ** Warning: (vsim-8684) No drivers exist on out port /testbench/AlgoInstance/RouterInputReformattingInstance/WordsOut(74)(63 downto 7), and its initial value is not used.
# Therefore, simulation behavior may occur that is not in compliance with
# the VHDL standard as the initial values come from the base signal /testbench/links_out(74)(63 downto 7).
# ** Warning: (vsim-8684) No drivers exist on out port /testbench/AlgoInstance/RouterInputReformattingInstance/WordsOut(75)(63 downto 54), and its initial value is not used.
# Therefore, simulation behavior may occur that is not in compliance with
# the VHDL standard as the initial values come from the base signal /testbench/links_out(75)(63 downto 54).
# ** Warning: (vsim-8684) No drivers exist on out port /testbench/AlgoInstance/RouterInputReformattingInstance/WordsOut(76)(63 downto 7), and its initial value is not used.
# Therefore, simulation behavior may occur that is not in compliance with
# the VHDL standard as the initial values come from the base signal /testbench/links_out(76)(63 downto 7).
# ** Warning: (vsim-8684) No drivers exist on out port /testbench/AlgoInstance/RouterInputReformattingInstance/WordsOut(77)(63 downto 54), and its initial value is not used.
# Therefore, simulation behavior may occur that is not in compliance with
# the VHDL standard as the initial values come from the base signal /testbench/links_out(77)(63 downto 54).
# ** Warning: (vsim-8684) No drivers exist on out port /testbench/AlgoInstance/RouterInputReformattingInstance/WordsOut(78)(63 downto 7), and its initial value is not used.
# Therefore, simulation behavior may occur that is not in compliance with
# the VHDL standard as the initial values come from the base signal /testbench/links_out(78)(63 downto 7).
# ** Warning: (vsim-8684) No drivers exist on out port /testbench/AlgoInstance/RouterInputReformattingInstance/WordsOut(79)(63 downto 54), and its initial value is not used.
# Therefore, simulation behavior may occur that is not in compliance with
# the VHDL standard as the initial values come from the base signal /testbench/links_out(79)(63 downto 54).
# ** Warning: (vsim-8684) No drivers exist on out port /testbench/AlgoInstance/RouterInputReformattingInstance/WordsOut(80)(63 downto 7), and its initial value is not used.
# Therefore, simulation behavior may occur that is not in compliance with
# the VHDL standard as the initial values come from the base signal /testbench/links_out(80)(63 downto 7).
# ** Warning: (vsim-8684) No drivers exist on out port /testbench/AlgoInstance/RouterInputReformattingInstance/WordsOut(81)(63 downto 54), and its initial value is not used.
# Therefore, simulation behavior may occur that is not in compliance with
# the VHDL standard as the initial values come from the base signal /testbench/links_out(81)(63 downto 54).
# ** Warning: (vsim-8684) No drivers exist on out port /testbench/AlgoInstance/RouterInputReformattingInstance/WordsOut(82)(63 downto 7), and its initial value is not used.
# Therefore, simulation behavior may occur that is not in compliance with
# the VHDL standard as the initial values come from the base signal /testbench/links_out(82)(63 downto 7).
# ** Warning: (vsim-8684) No drivers exist on out port /testbench/AlgoInstance/RouterInputReformattingInstance/WordsOut(83)(63 downto 54), and its initial value is not used.
# Therefore, simulation behavior may occur that is not in compliance with
# the VHDL standard as the initial values come from the base signal /testbench/links_out(83)(63 downto 54).
# ** Warning: (vsim-8684) No drivers exist on out port /testbench/AlgoInstance/RouterInputReformattingInstance/WordsOut(84)(63 downto 7), and its initial value is not used.
# Therefore, simulation behavior may occur that is not in compliance with
# the VHDL standard as the initial values come from the base signal /testbench/links_out(84)(63 downto 7).
# ** Warning: (vsim-8684) No drivers exist on out port /testbench/AlgoInstance/RouterInputReformattingInstance/WordsOut(85)(63 downto 54), and its initial value is not used.
# Therefore, simulation behavior may occur that is not in compliance with
# the VHDL standard as the initial values come from the base signal /testbench/links_out(85)(63 downto 54).
# ** Warning: (vsim-8684) No drivers exist on out port /testbench/AlgoInstance/RouterInputReformattingInstance/WordsOut(86)(63 downto 7), and its initial value is not used.
# Therefore, simulation behavior may occur that is not in compliance with
# the VHDL standard as the initial values come from the base signal /testbench/links_out(86)(63 downto 7).
# ** Warning: (vsim-8684) No drivers exist on out port /testbench/AlgoInstance/RouterInputReformattingInstance/WordsOut(87)(63 downto 54), and its initial value is not used.
# Therefore, simulation behavior may occur that is not in compliance with
# the VHDL standard as the initial values come from the base signal /testbench/links_out(87)(63 downto 54).
# ** Warning: (vsim-8684) No drivers exist on out port /testbench/AlgoInstance/RouterInputReformattingInstance/WordsOut(88)(63 downto 7), and its initial value is not used.
# Therefore, simulation behavior may occur that is not in compliance with
# the VHDL standard as the initial values come from the base signal /testbench/links_out(88)(63 downto 7).
# ** Warning: (vsim-8684) No drivers exist on out port /testbench/AlgoInstance/RouterInputReformattingInstance/WordsOut(89)(63 downto 54), and its initial value is not used.
# Therefore, simulation behavior may occur that is not in compliance with
# the VHDL standard as the initial values come from the base signal /testbench/links_out(89)(63 downto 54).
# ** Warning: (vsim-8684) No drivers exist on out port /testbench/AlgoInstance/RouterInputReformattingInstance/WordsOut(90)(63 downto 7), and its initial value is not used.
# Therefore, simulation behavior may occur that is not in compliance with
# the VHDL standard as the initial values come from the base signal /testbench/links_out(90)(63 downto 7).
# ** Warning: (vsim-8684) No drivers exist on out port /testbench/AlgoInstance/RouterInputReformattingInstance/WordsOut(91)(63 downto 54), and its initial value is not used.
# Therefore, simulation behavior may occur that is not in compliance with
# the VHDL standard as the initial values come from the base signal /testbench/links_out(91)(63 downto 54).
# ** Warning: (vsim-8684) No drivers exist on out port /testbench/AlgoInstance/RouterInputReformattingInstance/WordsOut(92)(63 downto 7), and its initial value is not used.
# Therefore, simulation behavior may occur that is not in compliance with
# the VHDL standard as the initial values come from the base signal /testbench/links_out(92)(63 downto 7).
# ** Warning: (vsim-8684) No drivers exist on out port /testbench/AlgoInstance/RouterInputReformattingInstance/WordsOut(93)(63 downto 54), and its initial value is not used.
# Therefore, simulation behavior may occur that is not in compliance with
# the VHDL standard as the initial values come from the base signal /testbench/links_out(93)(63 downto 54).
# ** Warning: (vsim-8684) No drivers exist on out port /testbench/AlgoInstance/RouterInputReformattingInstance/WordsOut(94)(63 downto 7), and its initial value is not used.
# Therefore, simulation behavior may occur that is not in compliance with
# the VHDL standard as the initial values come from the base signal /testbench/links_out(94)(63 downto 7).
# ** Warning: (vsim-8684) No drivers exist on out port /testbench/AlgoInstance/RouterInputReformattingInstance/WordsOut(95)(63 downto 54), and its initial value is not used.
# Therefore, simulation behavior may occur that is not in compliance with
# the VHDL standard as the initial values come from the base signal /testbench/links_out(95)(63 downto 54).
# ** Warning: (vsim-8684) No drivers exist on out port /testbench/AlgoInstance/RouterInputReformattingInstance/WordsOut(96)(63 downto 7), and its initial value is not used.
# Therefore, simulation behavior may occur that is not in compliance with
# the VHDL standard as the initial values come from the base signal /testbench/links_out(96)(63 downto 7).
# ** Warning: (vsim-8684) No drivers exist on out port /testbench/AlgoInstance/RouterInputReformattingInstance/WordsOut(97)(63 downto 54), and its initial value is not used.
# Therefore, simulation behavior may occur that is not in compliance with
# the VHDL standard as the initial values come from the base signal /testbench/links_out(97)(63 downto 54).
# ** Warning: (vsim-8684) No drivers exist on out port /testbench/AlgoInstance/RouterInputReformattingInstance/WordsOut(98)(63 downto 7), and its initial value is not used.
# Therefore, simulation behavior may occur that is not in compliance with
# the VHDL standard as the initial values come from the base signal /testbench/links_out(98)(63 downto 7).
# ** Warning: (vsim-8684) No drivers exist on out port /testbench/AlgoInstance/RouterInputReformattingInstance/WordsOut(99)(63 downto 54), and its initial value is not used.
# Therefore, simulation behavior may occur that is not in compliance with
# the VHDL standard as the initial values come from the base signal /testbench/links_out(99)(63 downto 54).
# ** Warning: (vsim-8684) No drivers exist on out port /testbench/AlgoInstance/RouterInputReformattingInstance/WordsOut(100)(63 downto 7), and its initial value is not used.
# Therefore, simulation behavior may occur that is not in compliance with
# the VHDL standard as the initial values come from the base signal /testbench/links_out(100)(63 downto 7).
# ** Warning: (vsim-8684) No drivers exist on out port /testbench/AlgoInstance/RouterInputReformattingInstance/WordsOut(101)(63 downto 54), and its initial value is not used.
# Therefore, simulation behavior may occur that is not in compliance with
# the VHDL standard as the initial values come from the base signal /testbench/links_out(101)(63 downto 54).
# ** Warning: (vsim-8684) No drivers exist on out port /testbench/AlgoInstance/RouterInputReformattingInstance/WordsOut(102)(63 downto 7), and its initial value is not used.
# Therefore, simulation behavior may occur that is not in compliance with
# the VHDL standard as the initial values come from the base signal /testbench/links_out(102)(63 downto 7).
# ** Warning: (vsim-8684) No drivers exist on out port /testbench/AlgoInstance/RouterInputReformattingInstance/WordsOut(103)(63 downto 54), and its initial value is not used.
# Therefore, simulation behavior may occur that is not in compliance with
# the VHDL standard as the initial values come from the base signal /testbench/links_out(103)(63 downto 54).
# ** Warning: (vsim-8684) No drivers exist on out port /testbench/AlgoInstance/RouterInputReformattingInstance/WordsOut(104)(63 downto 7), and its initial value is not used.
# Therefore, simulation behavior may occur that is not in compliance with
# the VHDL standard as the initial values come from the base signal /testbench/links_out(104)(63 downto 7).
# ** Warning: (vsim-8684) No drivers exist on out port /testbench/AlgoInstance/RouterInputReformattingInstance/WordsOut(105)(63 downto 54), and its initial value is not used.
# Therefore, simulation behavior may occur that is not in compliance with
# the VHDL standard as the initial values come from the base signal /testbench/links_out(105)(63 downto 54).
# ** Warning: (vsim-8684) No drivers exist on out port /testbench/AlgoInstance/RouterInputReformattingInstance/WordsOut(106)(63 downto 7), and its initial value is not used.
# Therefore, simulation behavior may occur that is not in compliance with
# the VHDL standard as the initial values come from the base signal /testbench/links_out(106)(63 downto 7).
# ** Warning: (vsim-8684) No drivers exist on out port /testbench/AlgoInstance/RouterInputReformattingInstance/WordsOut(107)(63 downto 54), and its initial value is not used.
# Therefore, simulation behavior may occur that is not in compliance with
# the VHDL standard as the initial values come from the base signal /testbench/links_out(107)(63 downto 54).
# ** Warning: (vsim-8684) No drivers exist on out port /testbench/AlgoInstance/RouterInputReformattingInstance/WordsOut(108)(63 downto 7), and its initial value is not used.
# Therefore, simulation behavior may occur that is not in compliance with
# the VHDL standard as the initial values come from the base signal /testbench/links_out(108)(63 downto 7).
# ** Warning: (vsim-8684) No drivers exist on out port /testbench/AlgoInstance/RouterInputReformattingInstance/WordsOut(109)(63 downto 54), and its initial value is not used.
# Therefore, simulation behavior may occur that is not in compliance with
# the VHDL standard as the initial values come from the base signal /testbench/links_out(109)(63 downto 54).
# ** Warning: (vsim-8684) No drivers exist on out port /testbench/AlgoInstance/RouterInputReformattingInstance/WordsOut(110)(63 downto 7), and its initial value is not used.
# Therefore, simulation behavior may occur that is not in compliance with
# the VHDL standard as the initial values come from the base signal /testbench/links_out(110)(63 downto 7).
# ** Warning: (vsim-8684) No drivers exist on out port /testbench/AlgoInstance/RouterInputReformattingInstance/WordsOut(111)(63 downto 54), and its initial value is not used.
# Therefore, simulation behavior may occur that is not in compliance with
# the VHDL standard as the initial values come from the base signal /testbench/links_out(111)(63 downto 54).
# ** Warning: (vsim-8684) No drivers exist on out port /testbench/AlgoInstance/RouterInputReformattingInstance/WordsOut(112)(63 downto 7), and its initial value is not used.
# Therefore, simulation behavior may occur that is not in compliance with
# the VHDL standard as the initial values come from the base signal /testbench/links_out(112)(63 downto 7).
# ** Warning: (vsim-8684) No drivers exist on out port /testbench/AlgoInstance/RouterInputReformattingInstance/WordsOut(113)(63 downto 54), and its initial value is not used.
# Therefore, simulation behavior may occur that is not in compliance with
# the VHDL standard as the initial values come from the base signal /testbench/links_out(113)(63 downto 54).
# ** Warning: (vsim-8684) No drivers exist on out port /testbench/AlgoInstance/RouterInputReformattingInstance/WordsOut(114)(63 downto 7), and its initial value is not used.
# Therefore, simulation behavior may occur that is not in compliance with
# the VHDL standard as the initial values come from the base signal /testbench/links_out(114)(63 downto 7).
# ** Warning: (vsim-8684) No drivers exist on out port /testbench/AlgoInstance/RouterInputReformattingInstance/WordsOut(115)(63 downto 54), and its initial value is not used.
# Therefore, simulation behavior may occur that is not in compliance with
# the VHDL standard as the initial values come from the base signal /testbench/links_out(115)(63 downto 54).
# ** Warning: (vsim-8684) No drivers exist on out port /testbench/AlgoInstance/RouterInputReformattingInstance/WordsOut(116)(63 downto 7), and its initial value is not used.
# Therefore, simulation behavior may occur that is not in compliance with
# the VHDL standard as the initial values come from the base signal /testbench/links_out(116)(63 downto 7).
# ** Warning: (vsim-8684) No drivers exist on out port /testbench/AlgoInstance/RouterInputReformattingInstance/WordsOut(117)(63 downto 54), and its initial value is not used.
# Therefore, simulation behavior may occur that is not in compliance with
# the VHDL standard as the initial values come from the base signal /testbench/links_out(117)(63 downto 54).
# ** Warning: (vsim-8684) No drivers exist on out port /testbench/AlgoInstance/RouterInputReformattingInstance/WordsOut(118)(63 downto 7), and its initial value is not used.
# Therefore, simulation behavior may occur that is not in compliance with
# the VHDL standard as the initial values come from the base signal /testbench/links_out(118)(63 downto 7).
# ** Warning: (vsim-8684) No drivers exist on out port /testbench/AlgoInstance/RouterInputReformattingInstance/WordsOut(119)(63 downto 54), and its initial value is not used.
# Therefore, simulation behavior may occur that is not in compliance with
# the VHDL standard as the initial values come from the base signal /testbench/links_out(119)(63 downto 54).
# ** Warning: (vsim-8684) No drivers exist on out port /testbench/AlgoInstance/RouterInputReformattingInstance/WordsOut(120)(63 downto 7), and its initial value is not used.
# Therefore, simulation behavior may occur that is not in compliance with
# the VHDL standard as the initial values come from the base signal /testbench/links_out(120)(63 downto 7).
# ** Warning: (vsim-8684) No drivers exist on out port /testbench/AlgoInstance/RouterInputReformattingInstance/WordsOut(121)(63 downto 54), and its initial value is not used.
# Therefore, simulation behavior may occur that is not in compliance with
# the VHDL standard as the initial values come from the base signal /testbench/links_out(121)(63 downto 54).
# ** Warning: (vsim-8684) No drivers exist on out port /testbench/AlgoInstance/RouterInputReformattingInstance/WordsOut(122)(63 downto 7), and its initial value is not used.
# Therefore, simulation behavior may occur that is not in compliance with
# the VHDL standard as the initial values come from the base signal /testbench/links_out(122)(63 downto 7).
# ** Warning: (vsim-8684) No drivers exist on out port /testbench/AlgoInstance/RouterInputReformattingInstance/WordsOut(123)(63 downto 54), and its initial value is not used.
# Therefore, simulation behavior may occur that is not in compliance with
# the VHDL standard as the initial values come from the base signal /testbench/links_out(123)(63 downto 54).
# ** Warning: (vsim-8684) No drivers exist on out port /testbench/AlgoInstance/RouterInputReformattingInstance/WordsOut(124)(63 downto 7), and its initial value is not used.
# Therefore, simulation behavior may occur that is not in compliance with
# the VHDL standard as the initial values come from the base signal /testbench/links_out(124)(63 downto 7).
# ** Warning: (vsim-8684) No drivers exist on out port /testbench/AlgoInstance/RouterInputReformattingInstance/WordsOut(125)(63 downto 54), and its initial value is not used.
# Therefore, simulation behavior may occur that is not in compliance with
# the VHDL standard as the initial values come from the base signal /testbench/links_out(125)(63 downto 54).
# ** Warning: (vsim-8684) No drivers exist on out port /testbench/AlgoInstance/RouterInputReformattingInstance/WordsOut(126)(63 downto 7), and its initial value is not used.
# Therefore, simulation behavior may occur that is not in compliance with
# the VHDL standard as the initial values come from the base signal /testbench/links_out(126)(63 downto 7).
# ** Warning: (vsim-8684) No drivers exist on out port /testbench/AlgoInstance/RouterInputReformattingInstance/WordsOut(127)(63 downto 54), and its initial value is not used.
# Therefore, simulation behavior may occur that is not in compliance with
# the VHDL standard as the initial values come from the base signal /testbench/links_out(127)(63 downto 54).
# ** Warning: (vsim-8684) No drivers exist on out port /testbench/AlgoInstance/RouterInputReformattingInstance/WordsOut(128)(63 downto 7), and its initial value is not used.
# Therefore, simulation behavior may occur that is not in compliance with
# the VHDL standard as the initial values come from the base signal /testbench/links_out(128)(63 downto 7).
# ** Warning: (vsim-8684) No drivers exist on out port /testbench/AlgoInstance/RouterInputReformattingInstance/WordsOut(129)(63 downto 54), and its initial value is not used.
# Therefore, simulation behavior may occur that is not in compliance with
# the VHDL standard as the initial values come from the base signal /testbench/links_out(129)(63 downto 54).
# ** Warning: (vsim-8684) No drivers exist on out port /testbench/AlgoInstance/RouterInputReformattingInstance/WordsOut(130)(63 downto 7), and its initial value is not used.
# Therefore, simulation behavior may occur that is not in compliance with
# the VHDL standard as the initial values come from the base signal /testbench/links_out(130)(63 downto 7).
# ** Warning: (vsim-8684) No drivers exist on out port /testbench/AlgoInstance/RouterInputReformattingInstance/WordsOut(131)(63 downto 54), and its initial value is not used.
# Therefore, simulation behavior may occur that is not in compliance with
# the VHDL standard as the initial values come from the base signal /testbench/links_out(131)(63 downto 54).
# ** Warning: (vsim-8684) No drivers exist on out port /testbench/AlgoInstance/RouterInputReformattingInstance/WordsOut(132)(63 downto 7), and its initial value is not used.
# Therefore, simulation behavior may occur that is not in compliance with
# the VHDL standard as the initial values come from the base signal /testbench/links_out(132)(63 downto 7).
# ** Warning: (vsim-8684) No drivers exist on out port /testbench/AlgoInstance/RouterInputReformattingInstance/WordsOut(133)(63 downto 54), and its initial value is not used.
# Therefore, simulation behavior may occur that is not in compliance with
# the VHDL standard as the initial values come from the base signal /testbench/links_out(133)(63 downto 54).
# ** Warning: (vsim-8684) No drivers exist on out port /testbench/AlgoInstance/RouterInputReformattingInstance/WordsOut(134)(63 downto 7), and its initial value is not used.
# Therefore, simulation behavior may occur that is not in compliance with
# the VHDL standard as the initial values come from the base signal /testbench/links_out(134)(63 downto 7).
# ** Warning: (vsim-8684) No drivers exist on out port /testbench/AlgoInstance/RouterInputReformattingInstance/WordsOut(135)(63 downto 54), and its initial value is not used.
# Therefore, simulation behavior may occur that is not in compliance with
# the VHDL standard as the initial values come from the base signal /testbench/links_out(135)(63 downto 54).
# ** Warning: (vsim-8684) No drivers exist on out port /testbench/AlgoInstance/RouterInputReformattingInstance/WordsOut(136)(63 downto 7), and its initial value is not used.
# Therefore, simulation behavior may occur that is not in compliance with
# the VHDL standard as the initial values come from the base signal /testbench/links_out(136)(63 downto 7).
# ** Warning: (vsim-8684) No drivers exist on out port /testbench/AlgoInstance/RouterInputReformattingInstance/WordsOut(137)(63 downto 54), and its initial value is not used.
# Therefore, simulation behavior may occur that is not in compliance with
# the VHDL standard as the initial values come from the base signal /testbench/links_out(137)(63 downto 54).
# ** Warning: (vsim-8684) No drivers exist on out port /testbench/AlgoInstance/RouterInputReformattingInstance/WordsOut(138)(63 downto 7), and its initial value is not used.
# Therefore, simulation behavior may occur that is not in compliance with
# the VHDL standard as the initial values come from the base signal /testbench/links_out(138)(63 downto 7).
# ** Warning: (vsim-8684) No drivers exist on out port /testbench/AlgoInstance/RouterInputReformattingInstance/WordsOut(139)(63 downto 54), and its initial value is not used.
# Therefore, simulation behavior may occur that is not in compliance with
# the VHDL standard as the initial values come from the base signal /testbench/links_out(139)(63 downto 54).
# ** Warning: (vsim-8684) No drivers exist on out port /testbench/AlgoInstance/RouterInputReformattingInstance/WordsOut(140)(63 downto 7), and its initial value is not used.
# Therefore, simulation behavior may occur that is not in compliance with
# the VHDL standard as the initial values come from the base signal /testbench/links_out(140)(63 downto 7).
# ** Warning: (vsim-8684) No drivers exist on out port /testbench/AlgoInstance/RouterInputReformattingInstance/WordsOut(141)(63 downto 54), and its initial value is not used.
# Therefore, simulation behavior may occur that is not in compliance with
# the VHDL standard as the initial values come from the base signal /testbench/links_out(141)(63 downto 54).
# ** Warning: (vsim-8684) No drivers exist on out port /testbench/AlgoInstance/RouterInputReformattingInstance/WordsOut(142)(63 downto 7), and its initial value is not used.
# Therefore, simulation behavior may occur that is not in compliance with
# the VHDL standard as the initial values come from the base signal /testbench/links_out(142)(63 downto 7).
# ** Warning: (vsim-8684) No drivers exist on out port /testbench/AlgoInstance/RouterInputReformattingInstance/WordsOut(143)(63 downto 54), and its initial value is not used.
# Therefore, simulation behavior may occur that is not in compliance with
# the VHDL standard as the initial values come from the base signal /testbench/links_out(143)(63 downto 54).
# ** Warning: (vsim-8684) No drivers exist on out port /testbench/AlgoInstance/data_out(0)(63 downto 7), and its initial value is not used.
# Therefore, simulation behavior may occur that is not in compliance with
# the VHDL standard as the initial values come from the base signal /testbench/links_out(0)(63 downto 7).
# ** Warning: (vsim-8684) No drivers exist on out port /testbench/AlgoInstance/data_out(1)(63 downto 54), and its initial value is not used.
# Therefore, simulation behavior may occur that is not in compliance with
# the VHDL standard as the initial values come from the base signal /testbench/links_out(1)(63 downto 54).
# ** Warning: (vsim-8684) No drivers exist on out port /testbench/AlgoInstance/data_out(2)(63 downto 7), and its initial value is not used.
# Therefore, simulation behavior may occur that is not in compliance with
# the VHDL standard as the initial values come from the base signal /testbench/links_out(2)(63 downto 7).
# ** Warning: (vsim-8684) No drivers exist on out port /testbench/AlgoInstance/data_out(3)(63 downto 54), and its initial value is not used.
# Therefore, simulation behavior may occur that is not in compliance with
# the VHDL standard as the initial values come from the base signal /testbench/links_out(3)(63 downto 54).
# ** Warning: (vsim-8684) No drivers exist on out port /testbench/AlgoInstance/data_out(4)(63 downto 7), and its initial value is not used.
# Therefore, simulation behavior may occur that is not in compliance with
# the VHDL standard as the initial values come from the base signal /testbench/links_out(4)(63 downto 7).
# ** Warning: (vsim-8684) No drivers exist on out port /testbench/AlgoInstance/data_out(5)(63 downto 54), and its initial value is not used.
# Therefore, simulation behavior may occur that is not in compliance with
# the VHDL standard as the initial values come from the base signal /testbench/links_out(5)(63 downto 54).
# ** Warning: (vsim-8684) No drivers exist on out port /testbench/AlgoInstance/data_out(6)(63 downto 7), and its initial value is not used.
# Therefore, simulation behavior may occur that is not in compliance with
# the VHDL standard as the initial values come from the base signal /testbench/links_out(6)(63 downto 7).
# ** Warning: (vsim-8684) No drivers exist on out port /testbench/AlgoInstance/data_out(7)(63 downto 54), and its initial value is not used.
# Therefore, simulation behavior may occur that is not in compliance with
# the VHDL standard as the initial values come from the base signal /testbench/links_out(7)(63 downto 54).
# ** Warning: (vsim-8684) No drivers exist on out port /testbench/AlgoInstance/data_out(8)(63 downto 7), and its initial value is not used.
# Therefore, simulation behavior may occur that is not in compliance with
# the VHDL standard as the initial values come from the base signal /testbench/links_out(8)(63 downto 7).
# ** Warning: (vsim-8684) No drivers exist on out port /testbench/AlgoInstance/data_out(9)(63 downto 54), and its initial value is not used.
# Therefore, simulation behavior may occur that is not in compliance with
# the VHDL standard as the initial values come from the base signal /testbench/links_out(9)(63 downto 54).
# ** Warning: (vsim-8684) No drivers exist on out port /testbench/AlgoInstance/data_out(10)(63 downto 7), and its initial value is not used.
# Therefore, simulation behavior may occur that is not in compliance with
# the VHDL standard as the initial values come from the base signal /testbench/links_out(10)(63 downto 7).
# ** Warning: (vsim-8684) No drivers exist on out port /testbench/AlgoInstance/data_out(11)(63 downto 54), and its initial value is not used.
# Therefore, simulation behavior may occur that is not in compliance with
# the VHDL standard as the initial values come from the base signal /testbench/links_out(11)(63 downto 54).
# ** Warning: (vsim-8684) No drivers exist on out port /testbench/AlgoInstance/data_out(12)(63 downto 7), and its initial value is not used.
# Therefore, simulation behavior may occur that is not in compliance with
# the VHDL standard as the initial values come from the base signal /testbench/links_out(12)(63 downto 7).
# ** Warning: (vsim-8684) No drivers exist on out port /testbench/AlgoInstance/data_out(13)(63 downto 54), and its initial value is not used.
# Therefore, simulation behavior may occur that is not in compliance with
# the VHDL standard as the initial values come from the base signal /testbench/links_out(13)(63 downto 54).
# ** Warning: (vsim-8684) No drivers exist on out port /testbench/AlgoInstance/data_out(14)(63 downto 7), and its initial value is not used.
# Therefore, simulation behavior may occur that is not in compliance with
# the VHDL standard as the initial values come from the base signal /testbench/links_out(14)(63 downto 7).
# ** Warning: (vsim-8684) No drivers exist on out port /testbench/AlgoInstance/data_out(15)(63 downto 54), and its initial value is not used.
# Therefore, simulation behavior may occur that is not in compliance with
# the VHDL standard as the initial values come from the base signal /testbench/links_out(15)(63 downto 54).
# ** Warning: (vsim-8684) No drivers exist on out port /testbench/AlgoInstance/data_out(16)(63 downto 7), and its initial value is not used.
# Therefore, simulation behavior may occur that is not in compliance with
# the VHDL standard as the initial values come from the base signal /testbench/links_out(16)(63 downto 7).
# ** Warning: (vsim-8684) No drivers exist on out port /testbench/AlgoInstance/data_out(17)(63 downto 54), and its initial value is not used.
# Therefore, simulation behavior may occur that is not in compliance with
# the VHDL standard as the initial values come from the base signal /testbench/links_out(17)(63 downto 54).
# ** Warning: (vsim-8684) No drivers exist on out port /testbench/AlgoInstance/data_out(18)(63 downto 7), and its initial value is not used.
# Therefore, simulation behavior may occur that is not in compliance with
# the VHDL standard as the initial values come from the base signal /testbench/links_out(18)(63 downto 7).
# ** Warning: (vsim-8684) No drivers exist on out port /testbench/AlgoInstance/data_out(19)(63 downto 54), and its initial value is not used.
# Therefore, simulation behavior may occur that is not in compliance with
# the VHDL standard as the initial values come from the base signal /testbench/links_out(19)(63 downto 54).
# ** Warning: (vsim-8684) No drivers exist on out port /testbench/AlgoInstance/data_out(20)(63 downto 7), and its initial value is not used.
# Therefore, simulation behavior may occur that is not in compliance with
# the VHDL standard as the initial values come from the base signal /testbench/links_out(20)(63 downto 7).
# ** Warning: (vsim-8684) No drivers exist on out port /testbench/AlgoInstance/data_out(21)(63 downto 54), and its initial value is not used.
# Therefore, simulation behavior may occur that is not in compliance with
# the VHDL standard as the initial values come from the base signal /testbench/links_out(21)(63 downto 54).
# ** Warning: (vsim-8684) No drivers exist on out port /testbench/AlgoInstance/data_out(22)(63 downto 7), and its initial value is not used.
# Therefore, simulation behavior may occur that is not in compliance with
# the VHDL standard as the initial values come from the base signal /testbench/links_out(22)(63 downto 7).
# ** Warning: (vsim-8684) No drivers exist on out port /testbench/AlgoInstance/data_out(23)(63 downto 54), and its initial value is not used.
# Therefore, simulation behavior may occur that is not in compliance with
# the VHDL standard as the initial values come from the base signal /testbench/links_out(23)(63 downto 54).
# ** Warning: (vsim-8684) No drivers exist on out port /testbench/AlgoInstance/data_out(24)(63 downto 7), and its initial value is not used.
# Therefore, simulation behavior may occur that is not in compliance with
# the VHDL standard as the initial values come from the base signal /testbench/links_out(24)(63 downto 7).
# ** Warning: (vsim-8684) No drivers exist on out port /testbench/AlgoInstance/data_out(25)(63 downto 54), and its initial value is not used.
# Therefore, simulation behavior may occur that is not in compliance with
# the VHDL standard as the initial values come from the base signal /testbench/links_out(25)(63 downto 54).
# ** Warning: (vsim-8684) No drivers exist on out port /testbench/AlgoInstance/data_out(26)(63 downto 7), and its initial value is not used.
# Therefore, simulation behavior may occur that is not in compliance with
# the VHDL standard as the initial values come from the base signal /testbench/links_out(26)(63 downto 7).
# ** Warning: (vsim-8684) No drivers exist on out port /testbench/AlgoInstance/data_out(27)(63 downto 54), and its initial value is not used.
# Therefore, simulation behavior may occur that is not in compliance with
# the VHDL standard as the initial values come from the base signal /testbench/links_out(27)(63 downto 54).
# ** Warning: (vsim-8684) No drivers exist on out port /testbench/AlgoInstance/data_out(28)(63 downto 7), and its initial value is not used.
# Therefore, simulation behavior may occur that is not in compliance with
# the VHDL standard as the initial values come from the base signal /testbench/links_out(28)(63 downto 7).
# ** Warning: (vsim-8684) No drivers exist on out port /testbench/AlgoInstance/data_out(29)(63 downto 54), and its initial value is not used.
# Therefore, simulation behavior may occur that is not in compliance with
# the VHDL standard as the initial values come from the base signal /testbench/links_out(29)(63 downto 54).
# ** Warning: (vsim-8684) No drivers exist on out port /testbench/AlgoInstance/data_out(30)(63 downto 7), and its initial value is not used.
# Therefore, simulation behavior may occur that is not in compliance with
# the VHDL standard as the initial values come from the base signal /testbench/links_out(30)(63 downto 7).
# ** Warning: (vsim-8684) No drivers exist on out port /testbench/AlgoInstance/data_out(31)(63 downto 54), and its initial value is not used.
# Therefore, simulation behavior may occur that is not in compliance with
# the VHDL standard as the initial values come from the base signal /testbench/links_out(31)(63 downto 54).
# ** Warning: (vsim-8684) No drivers exist on out port /testbench/AlgoInstance/data_out(32)(63 downto 7), and its initial value is not used.
# Therefore, simulation behavior may occur that is not in compliance with
# the VHDL standard as the initial values come from the base signal /testbench/links_out(32)(63 downto 7).
# ** Warning: (vsim-8684) No drivers exist on out port /testbench/AlgoInstance/data_out(33)(63 downto 54), and its initial value is not used.
# Therefore, simulation behavior may occur that is not in compliance with
# the VHDL standard as the initial values come from the base signal /testbench/links_out(33)(63 downto 54).
# ** Warning: (vsim-8684) No drivers exist on out port /testbench/AlgoInstance/data_out(34)(63 downto 7), and its initial value is not used.
# Therefore, simulation behavior may occur that is not in compliance with
# the VHDL standard as the initial values come from the base signal /testbench/links_out(34)(63 downto 7).
# ** Warning: (vsim-8684) No drivers exist on out port /testbench/AlgoInstance/data_out(35)(63 downto 54), and its initial value is not used.
# Therefore, simulation behavior may occur that is not in compliance with
# the VHDL standard as the initial values come from the base signal /testbench/links_out(35)(63 downto 54).
# ** Warning: (vsim-8684) No drivers exist on out port /testbench/AlgoInstance/data_out(36)(63 downto 7), and its initial value is not used.
# Therefore, simulation behavior may occur that is not in compliance with
# the VHDL standard as the initial values come from the base signal /testbench/links_out(36)(63 downto 7).
# ** Warning: (vsim-8684) No drivers exist on out port /testbench/AlgoInstance/data_out(37)(63 downto 54), and its initial value is not used.
# Therefore, simulation behavior may occur that is not in compliance with
# the VHDL standard as the initial values come from the base signal /testbench/links_out(37)(63 downto 54).
# ** Warning: (vsim-8684) No drivers exist on out port /testbench/AlgoInstance/data_out(38)(63 downto 7), and its initial value is not used.
# Therefore, simulation behavior may occur that is not in compliance with
# the VHDL standard as the initial values come from the base signal /testbench/links_out(38)(63 downto 7).
# ** Warning: (vsim-8684) No drivers exist on out port /testbench/AlgoInstance/data_out(39)(63 downto 54), and its initial value is not used.
# Therefore, simulation behavior may occur that is not in compliance with
# the VHDL standard as the initial values come from the base signal /testbench/links_out(39)(63 downto 54).
# ** Warning: (vsim-8684) No drivers exist on out port /testbench/AlgoInstance/data_out(40)(63 downto 7), and its initial value is not used.
# Therefore, simulation behavior may occur that is not in compliance with
# the VHDL standard as the initial values come from the base signal /testbench/links_out(40)(63 downto 7).
# ** Warning: (vsim-8684) No drivers exist on out port /testbench/AlgoInstance/data_out(41)(63 downto 54), and its initial value is not used.
# Therefore, simulation behavior may occur that is not in compliance with
# the VHDL standard as the initial values come from the base signal /testbench/links_out(41)(63 downto 54).
# ** Warning: (vsim-8684) No drivers exist on out port /testbench/AlgoInstance/data_out(42)(63 downto 7), and its initial value is not used.
# Therefore, simulation behavior may occur that is not in compliance with
# the VHDL standard as the initial values come from the base signal /testbench/links_out(42)(63 downto 7).
# ** Warning: (vsim-8684) No drivers exist on out port /testbench/AlgoInstance/data_out(43)(63 downto 54), and its initial value is not used.
# Therefore, simulation behavior may occur that is not in compliance with
# the VHDL standard as the initial values come from the base signal /testbench/links_out(43)(63 downto 54).
# ** Warning: (vsim-8684) No drivers exist on out port /testbench/AlgoInstance/data_out(44)(63 downto 7), and its initial value is not used.
# Therefore, simulation behavior may occur that is not in compliance with
# the VHDL standard as the initial values come from the base signal /testbench/links_out(44)(63 downto 7).
# ** Warning: (vsim-8684) No drivers exist on out port /testbench/AlgoInstance/data_out(45)(63 downto 54), and its initial value is not used.
# Therefore, simulation behavior may occur that is not in compliance with
# the VHDL standard as the initial values come from the base signal /testbench/links_out(45)(63 downto 54).
# ** Warning: (vsim-8684) No drivers exist on out port /testbench/AlgoInstance/data_out(46)(63 downto 7), and its initial value is not used.
# Therefore, simulation behavior may occur that is not in compliance with
# the VHDL standard as the initial values come from the base signal /testbench/links_out(46)(63 downto 7).
# ** Warning: (vsim-8684) No drivers exist on out port /testbench/AlgoInstance/data_out(47)(63 downto 54), and its initial value is not used.
# Therefore, simulation behavior may occur that is not in compliance with
# the VHDL standard as the initial values come from the base signal /testbench/links_out(47)(63 downto 54).
# ** Warning: (vsim-8684) No drivers exist on out port /testbench/AlgoInstance/data_out(48)(63 downto 7), and its initial value is not used.
# Therefore, simulation behavior may occur that is not in compliance with
# the VHDL standard as the initial values come from the base signal /testbench/links_out(48)(63 downto 7).
# ** Warning: (vsim-8684) No drivers exist on out port /testbench/AlgoInstance/data_out(49)(63 downto 54), and its initial value is not used.
# Therefore, simulation behavior may occur that is not in compliance with
# the VHDL standard as the initial values come from the base signal /testbench/links_out(49)(63 downto 54).
# ** Warning: (vsim-8684) No drivers exist on out port /testbench/AlgoInstance/data_out(50)(63 downto 7), and its initial value is not used.
# Therefore, simulation behavior may occur that is not in compliance with
# the VHDL standard as the initial values come from the base signal /testbench/links_out(50)(63 downto 7).
# ** Warning: (vsim-8684) No drivers exist on out port /testbench/AlgoInstance/data_out(51)(63 downto 54), and its initial value is not used.
# Therefore, simulation behavior may occur that is not in compliance with
# the VHDL standard as the initial values come from the base signal /testbench/links_out(51)(63 downto 54).
# ** Warning: (vsim-8684) No drivers exist on out port /testbench/AlgoInstance/data_out(52)(63 downto 7), and its initial value is not used.
# Therefore, simulation behavior may occur that is not in compliance with
# the VHDL standard as the initial values come from the base signal /testbench/links_out(52)(63 downto 7).
# ** Warning: (vsim-8684) No drivers exist on out port /testbench/AlgoInstance/data_out(53)(63 downto 54), and its initial value is not used.
# Therefore, simulation behavior may occur that is not in compliance with
# the VHDL standard as the initial values come from the base signal /testbench/links_out(53)(63 downto 54).
# ** Warning: (vsim-8684) No drivers exist on out port /testbench/AlgoInstance/data_out(54)(63 downto 7), and its initial value is not used.
# Therefore, simulation behavior may occur that is not in compliance with
# the VHDL standard as the initial values come from the base signal /testbench/links_out(54)(63 downto 7).
# ** Warning: (vsim-8684) No drivers exist on out port /testbench/AlgoInstance/data_out(55)(63 downto 54), and its initial value is not used.
# Therefore, simulation behavior may occur that is not in compliance with
# the VHDL standard as the initial values come from the base signal /testbench/links_out(55)(63 downto 54).
# ** Warning: (vsim-8684) No drivers exist on out port /testbench/AlgoInstance/data_out(56)(63 downto 7), and its initial value is not used.
# Therefore, simulation behavior may occur that is not in compliance with
# the VHDL standard as the initial values come from the base signal /testbench/links_out(56)(63 downto 7).
# ** Warning: (vsim-8684) No drivers exist on out port /testbench/AlgoInstance/data_out(57)(63 downto 54), and its initial value is not used.
# Therefore, simulation behavior may occur that is not in compliance with
# the VHDL standard as the initial values come from the base signal /testbench/links_out(57)(63 downto 54).
# ** Warning: (vsim-8684) No drivers exist on out port /testbench/AlgoInstance/data_out(58)(63 downto 7), and its initial value is not used.
# Therefore, simulation behavior may occur that is not in compliance with
# the VHDL standard as the initial values come from the base signal /testbench/links_out(58)(63 downto 7).
# ** Warning: (vsim-8684) No drivers exist on out port /testbench/AlgoInstance/data_out(59)(63 downto 54), and its initial value is not used.
# Therefore, simulation behavior may occur that is not in compliance with
# the VHDL standard as the initial values come from the base signal /testbench/links_out(59)(63 downto 54).
# ** Warning: (vsim-8684) No drivers exist on out port /testbench/AlgoInstance/data_out(60)(63 downto 7), and its initial value is not used.
# Therefore, simulation behavior may occur that is not in compliance with
# the VHDL standard as the initial values come from the base signal /testbench/links_out(60)(63 downto 7).
# ** Warning: (vsim-8684) No drivers exist on out port /testbench/AlgoInstance/data_out(61)(63 downto 54), and its initial value is not used.
# Therefore, simulation behavior may occur that is not in compliance with
# the VHDL standard as the initial values come from the base signal /testbench/links_out(61)(63 downto 54).
# ** Warning: (vsim-8684) No drivers exist on out port /testbench/AlgoInstance/data_out(62)(63 downto 7), and its initial value is not used.
# Therefore, simulation behavior may occur that is not in compliance with
# the VHDL standard as the initial values come from the base signal /testbench/links_out(62)(63 downto 7).
# ** Warning: (vsim-8684) No drivers exist on out port /testbench/AlgoInstance/data_out(63)(63 downto 54), and its initial value is not used.
# Therefore, simulation behavior may occur that is not in compliance with
# the VHDL standard as the initial values come from the base signal /testbench/links_out(63)(63 downto 54).
# ** Warning: (vsim-8684) No drivers exist on out port /testbench/AlgoInstance/data_out(64)(63 downto 7), and its initial value is not used.
# Therefore, simulation behavior may occur that is not in compliance with
# the VHDL standard as the initial values come from the base signal /testbench/links_out(64)(63 downto 7).
# ** Warning: (vsim-8684) No drivers exist on out port /testbench/AlgoInstance/data_out(65)(63 downto 54), and its initial value is not used.
# Therefore, simulation behavior may occur that is not in compliance with
# the VHDL standard as the initial values come from the base signal /testbench/links_out(65)(63 downto 54).
# ** Warning: (vsim-8684) No drivers exist on out port /testbench/AlgoInstance/data_out(66)(63 downto 7), and its initial value is not used.
# Therefore, simulation behavior may occur that is not in compliance with
# the VHDL standard as the initial values come from the base signal /testbench/links_out(66)(63 downto 7).
# ** Warning: (vsim-8684) No drivers exist on out port /testbench/AlgoInstance/data_out(67)(63 downto 54), and its initial value is not used.
# Therefore, simulation behavior may occur that is not in compliance with
# the VHDL standard as the initial values come from the base signal /testbench/links_out(67)(63 downto 54).
# ** Warning: (vsim-8684) No drivers exist on out port /testbench/AlgoInstance/data_out(68)(63 downto 7), and its initial value is not used.
# Therefore, simulation behavior may occur that is not in compliance with
# the VHDL standard as the initial values come from the base signal /testbench/links_out(68)(63 downto 7).
# ** Warning: (vsim-8684) No drivers exist on out port /testbench/AlgoInstance/data_out(69)(63 downto 54), and its initial value is not used.
# Therefore, simulation behavior may occur that is not in compliance with
# the VHDL standard as the initial values come from the base signal /testbench/links_out(69)(63 downto 54).
# ** Warning: (vsim-8684) No drivers exist on out port /testbench/AlgoInstance/data_out(70)(63 downto 7), and its initial value is not used.
# Therefore, simulation behavior may occur that is not in compliance with
# the VHDL standard as the initial values come from the base signal /testbench/links_out(70)(63 downto 7).
# ** Warning: (vsim-8684) No drivers exist on out port /testbench/AlgoInstance/data_out(71)(63 downto 54), and its initial value is not used.
# Therefore, simulation behavior may occur that is not in compliance with
# the VHDL standard as the initial values come from the base signal /testbench/links_out(71)(63 downto 54).
# ** Warning: (vsim-8684) No drivers exist on out port /testbench/AlgoInstance/data_out(72)(63 downto 7), and its initial value is not used.
# Therefore, simulation behavior may occur that is not in compliance with
# the VHDL standard as the initial values come from the base signal /testbench/links_out(72)(63 downto 7).
# ** Warning: (vsim-8684) No drivers exist on out port /testbench/AlgoInstance/data_out(73)(63 downto 54), and its initial value is not used.
# Therefore, simulation behavior may occur that is not in compliance with
# the VHDL standard as the initial values come from the base signal /testbench/links_out(73)(63 downto 54).
# ** Warning: (vsim-8684) No drivers exist on out port /testbench/AlgoInstance/data_out(74)(63 downto 7), and its initial value is not used.
# Therefore, simulation behavior may occur that is not in compliance with
# the VHDL standard as the initial values come from the base signal /testbench/links_out(74)(63 downto 7).
# ** Warning: (vsim-8684) No drivers exist on out port /testbench/AlgoInstance/data_out(75)(63 downto 54), and its initial value is not used.
# Therefore, simulation behavior may occur that is not in compliance with
# the VHDL standard as the initial values come from the base signal /testbench/links_out(75)(63 downto 54).
# ** Warning: (vsim-8684) No drivers exist on out port /testbench/AlgoInstance/data_out(76)(63 downto 7), and its initial value is not used.
# Therefore, simulation behavior may occur that is not in compliance with
# the VHDL standard as the initial values come from the base signal /testbench/links_out(76)(63 downto 7).
# ** Warning: (vsim-8684) No drivers exist on out port /testbench/AlgoInstance/data_out(77)(63 downto 54), and its initial value is not used.
# Therefore, simulation behavior may occur that is not in compliance with
# the VHDL standard as the initial values come from the base signal /testbench/links_out(77)(63 downto 54).
# ** Warning: (vsim-8684) No drivers exist on out port /testbench/AlgoInstance/data_out(78)(63 downto 7), and its initial value is not used.
# Therefore, simulation behavior may occur that is not in compliance with
# the VHDL standard as the initial values come from the base signal /testbench/links_out(78)(63 downto 7).
# ** Warning: (vsim-8684) No drivers exist on out port /testbench/AlgoInstance/data_out(79)(63 downto 54), and its initial value is not used.
# Therefore, simulation behavior may occur that is not in compliance with
# the VHDL standard as the initial values come from the base signal /testbench/links_out(79)(63 downto 54).
# ** Warning: (vsim-8684) No drivers exist on out port /testbench/AlgoInstance/data_out(80)(63 downto 7), and its initial value is not used.
# Therefore, simulation behavior may occur that is not in compliance with
# the VHDL standard as the initial values come from the base signal /testbench/links_out(80)(63 downto 7).
# ** Warning: (vsim-8684) No drivers exist on out port /testbench/AlgoInstance/data_out(81)(63 downto 54), and its initial value is not used.
# Therefore, simulation behavior may occur that is not in compliance with
# the VHDL standard as the initial values come from the base signal /testbench/links_out(81)(63 downto 54).
# ** Warning: (vsim-8684) No drivers exist on out port /testbench/AlgoInstance/data_out(82)(63 downto 7), and its initial value is not used.
# Therefore, simulation behavior may occur that is not in compliance with
# the VHDL standard as the initial values come from the base signal /testbench/links_out(82)(63 downto 7).
# ** Warning: (vsim-8684) No drivers exist on out port /testbench/AlgoInstance/data_out(83)(63 downto 54), and its initial value is not used.
# Therefore, simulation behavior may occur that is not in compliance with
# the VHDL standard as the initial values come from the base signal /testbench/links_out(83)(63 downto 54).
# ** Warning: (vsim-8684) No drivers exist on out port /testbench/AlgoInstance/data_out(84)(63 downto 7), and its initial value is not used.
# Therefore, simulation behavior may occur that is not in compliance with
# the VHDL standard as the initial values come from the base signal /testbench/links_out(84)(63 downto 7).
# ** Warning: (vsim-8684) No drivers exist on out port /testbench/AlgoInstance/data_out(85)(63 downto 54), and its initial value is not used.
# Therefore, simulation behavior may occur that is not in compliance with
# the VHDL standard as the initial values come from the base signal /testbench/links_out(85)(63 downto 54).
# ** Warning: (vsim-8684) No drivers exist on out port /testbench/AlgoInstance/data_out(86)(63 downto 7), and its initial value is not used.
# Therefore, simulation behavior may occur that is not in compliance with
# the VHDL standard as the initial values come from the base signal /testbench/links_out(86)(63 downto 7).
# ** Warning: (vsim-8684) No drivers exist on out port /testbench/AlgoInstance/data_out(87)(63 downto 54), and its initial value is not used.
# Therefore, simulation behavior may occur that is not in compliance with
# the VHDL standard as the initial values come from the base signal /testbench/links_out(87)(63 downto 54).
# ** Warning: (vsim-8684) No drivers exist on out port /testbench/AlgoInstance/data_out(88)(63 downto 7), and its initial value is not used.
# Therefore, simulation behavior may occur that is not in compliance with
# the VHDL standard as the initial values come from the base signal /testbench/links_out(88)(63 downto 7).
# ** Warning: (vsim-8684) No drivers exist on out port /testbench/AlgoInstance/data_out(89)(63 downto 54), and its initial value is not used.
# Therefore, simulation behavior may occur that is not in compliance with
# the VHDL standard as the initial values come from the base signal /testbench/links_out(89)(63 downto 54).
# ** Warning: (vsim-8684) No drivers exist on out port /testbench/AlgoInstance/data_out(90)(63 downto 7), and its initial value is not used.
# Therefore, simulation behavior may occur that is not in compliance with
# the VHDL standard as the initial values come from the base signal /testbench/links_out(90)(63 downto 7).
# ** Warning: (vsim-8684) No drivers exist on out port /testbench/AlgoInstance/data_out(91)(63 downto 54), and its initial value is not used.
# Therefore, simulation behavior may occur that is not in compliance with
# the VHDL standard as the initial values come from the base signal /testbench/links_out(91)(63 downto 54).
# ** Warning: (vsim-8684) No drivers exist on out port /testbench/AlgoInstance/data_out(92)(63 downto 7), and its initial value is not used.
# Therefore, simulation behavior may occur that is not in compliance with
# the VHDL standard as the initial values come from the base signal /testbench/links_out(92)(63 downto 7).
# ** Warning: (vsim-8684) No drivers exist on out port /testbench/AlgoInstance/data_out(93)(63 downto 54), and its initial value is not used.
# Therefore, simulation behavior may occur that is not in compliance with
# the VHDL standard as the initial values come from the base signal /testbench/links_out(93)(63 downto 54).
# ** Warning: (vsim-8684) No drivers exist on out port /testbench/AlgoInstance/data_out(94)(63 downto 7), and its initial value is not used.
# Therefore, simulation behavior may occur that is not in compliance with
# the VHDL standard as the initial values come from the base signal /testbench/links_out(94)(63 downto 7).
# ** Warning: (vsim-8684) No drivers exist on out port /testbench/AlgoInstance/data_out(95)(63 downto 54), and its initial value is not used.
# Therefore, simulation behavior may occur that is not in compliance with
# the VHDL standard as the initial values come from the base signal /testbench/links_out(95)(63 downto 54).
# ** Warning: (vsim-8684) No drivers exist on out port /testbench/AlgoInstance/data_out(96)(63 downto 7), and its initial value is not used.
# Therefore, simulation behavior may occur that is not in compliance with
# the VHDL standard as the initial values come from the base signal /testbench/links_out(96)(63 downto 7).
# ** Warning: (vsim-8684) No drivers exist on out port /testbench/AlgoInstance/data_out(97)(63 downto 54), and its initial value is not used.
# Therefore, simulation behavior may occur that is not in compliance with
# the VHDL standard as the initial values come from the base signal /testbench/links_out(97)(63 downto 54).
# ** Warning: (vsim-8684) No drivers exist on out port /testbench/AlgoInstance/data_out(98)(63 downto 7), and its initial value is not used.
# Therefore, simulation behavior may occur that is not in compliance with
# the VHDL standard as the initial values come from the base signal /testbench/links_out(98)(63 downto 7).
# ** Warning: (vsim-8684) No drivers exist on out port /testbench/AlgoInstance/data_out(99)(63 downto 54), and its initial value is not used.
# Therefore, simulation behavior may occur that is not in compliance with
# the VHDL standard as the initial values come from the base signal /testbench/links_out(99)(63 downto 54).
# ** Warning: (vsim-8684) No drivers exist on out port /testbench/AlgoInstance/data_out(100)(63 downto 7), and its initial value is not used.
# Therefore, simulation behavior may occur that is not in compliance with
# the VHDL standard as the initial values come from the base signal /testbench/links_out(100)(63 downto 7).
# ** Warning: (vsim-8684) No drivers exist on out port /testbench/AlgoInstance/data_out(101)(63 downto 54), and its initial value is not used.
# Therefore, simulation behavior may occur that is not in compliance with
# the VHDL standard as the initial values come from the base signal /testbench/links_out(101)(63 downto 54).
# ** Warning: (vsim-8684) No drivers exist on out port /testbench/AlgoInstance/data_out(102)(63 downto 7), and its initial value is not used.
# Therefore, simulation behavior may occur that is not in compliance with
# the VHDL standard as the initial values come from the base signal /testbench/links_out(102)(63 downto 7).
# ** Warning: (vsim-8684) No drivers exist on out port /testbench/AlgoInstance/data_out(103)(63 downto 54), and its initial value is not used.
# Therefore, simulation behavior may occur that is not in compliance with
# the VHDL standard as the initial values come from the base signal /testbench/links_out(103)(63 downto 54).
# ** Warning: (vsim-8684) No drivers exist on out port /testbench/AlgoInstance/data_out(104)(63 downto 7), and its initial value is not used.
# Therefore, simulation behavior may occur that is not in compliance with
# the VHDL standard as the initial values come from the base signal /testbench/links_out(104)(63 downto 7).
# ** Warning: (vsim-8684) No drivers exist on out port /testbench/AlgoInstance/data_out(105)(63 downto 54), and its initial value is not used.
# Therefore, simulation behavior may occur that is not in compliance with
# the VHDL standard as the initial values come from the base signal /testbench/links_out(105)(63 downto 54).
# ** Warning: (vsim-8684) No drivers exist on out port /testbench/AlgoInstance/data_out(106)(63 downto 7), and its initial value is not used.
# Therefore, simulation behavior may occur that is not in compliance with
# the VHDL standard as the initial values come from the base signal /testbench/links_out(106)(63 downto 7).
# ** Warning: (vsim-8684) No drivers exist on out port /testbench/AlgoInstance/data_out(107)(63 downto 54), and its initial value is not used.
# Therefore, simulation behavior may occur that is not in compliance with
# the VHDL standard as the initial values come from the base signal /testbench/links_out(107)(63 downto 54).
# ** Warning: (vsim-8684) No drivers exist on out port /testbench/AlgoInstance/data_out(108)(63 downto 7), and its initial value is not used.
# Therefore, simulation behavior may occur that is not in compliance with
# the VHDL standard as the initial values come from the base signal /testbench/links_out(108)(63 downto 7).
# ** Warning: (vsim-8684) No drivers exist on out port /testbench/AlgoInstance/data_out(109)(63 downto 54), and its initial value is not used.
# Therefore, simulation behavior may occur that is not in compliance with
# the VHDL standard as the initial values come from the base signal /testbench/links_out(109)(63 downto 54).
# ** Warning: (vsim-8684) No drivers exist on out port /testbench/AlgoInstance/data_out(110)(63 downto 7), and its initial value is not used.
# Therefore, simulation behavior may occur that is not in compliance with
# the VHDL standard as the initial values come from the base signal /testbench/links_out(110)(63 downto 7).
# ** Warning: (vsim-8684) No drivers exist on out port /testbench/AlgoInstance/data_out(111)(63 downto 54), and its initial value is not used.
# Therefore, simulation behavior may occur that is not in compliance with
# the VHDL standard as the initial values come from the base signal /testbench/links_out(111)(63 downto 54).
# ** Warning: (vsim-8684) No drivers exist on out port /testbench/AlgoInstance/data_out(112)(63 downto 7), and its initial value is not used.
# Therefore, simulation behavior may occur that is not in compliance with
# the VHDL standard as the initial values come from the base signal /testbench/links_out(112)(63 downto 7).
# ** Warning: (vsim-8684) No drivers exist on out port /testbench/AlgoInstance/data_out(113)(63 downto 54), and its initial value is not used.
# Therefore, simulation behavior may occur that is not in compliance with
# the VHDL standard as the initial values come from the base signal /testbench/links_out(113)(63 downto 54).
# ** Warning: (vsim-8684) No drivers exist on out port /testbench/AlgoInstance/data_out(114)(63 downto 7), and its initial value is not used.
# Therefore, simulation behavior may occur that is not in compliance with
# the VHDL standard as the initial values come from the base signal /testbench/links_out(114)(63 downto 7).
# ** Warning: (vsim-8684) No drivers exist on out port /testbench/AlgoInstance/data_out(115)(63 downto 54), and its initial value is not used.
# Therefore, simulation behavior may occur that is not in compliance with
# the VHDL standard as the initial values come from the base signal /testbench/links_out(115)(63 downto 54).
# ** Warning: (vsim-8684) No drivers exist on out port /testbench/AlgoInstance/data_out(116)(63 downto 7), and its initial value is not used.
# Therefore, simulation behavior may occur that is not in compliance with
# the VHDL standard as the initial values come from the base signal /testbench/links_out(116)(63 downto 7).
# ** Warning: (vsim-8684) No drivers exist on out port /testbench/AlgoInstance/data_out(117)(63 downto 54), and its initial value is not used.
# Therefore, simulation behavior may occur that is not in compliance with
# the VHDL standard as the initial values come from the base signal /testbench/links_out(117)(63 downto 54).
# ** Warning: (vsim-8684) No drivers exist on out port /testbench/AlgoInstance/data_out(118)(63 downto 7), and its initial value is not used.
# Therefore, simulation behavior may occur that is not in compliance with
# the VHDL standard as the initial values come from the base signal /testbench/links_out(118)(63 downto 7).
# ** Warning: (vsim-8684) No drivers exist on out port /testbench/AlgoInstance/data_out(119)(63 downto 54), and its initial value is not used.
# Therefore, simulation behavior may occur that is not in compliance with
# the VHDL standard as the initial values come from the base signal /testbench/links_out(119)(63 downto 54).
# ** Warning: (vsim-8684) No drivers exist on out port /testbench/AlgoInstance/data_out(120)(63 downto 7), and its initial value is not used.
# Therefore, simulation behavior may occur that is not in compliance with
# the VHDL standard as the initial values come from the base signal /testbench/links_out(120)(63 downto 7).
# ** Warning: (vsim-8684) No drivers exist on out port /testbench/AlgoInstance/data_out(121)(63 downto 54), and its initial value is not used.
# Therefore, simulation behavior may occur that is not in compliance with
# the VHDL standard as the initial values come from the base signal /testbench/links_out(121)(63 downto 54).
# ** Warning: (vsim-8684) No drivers exist on out port /testbench/AlgoInstance/data_out(122)(63 downto 7), and its initial value is not used.
# Therefore, simulation behavior may occur that is not in compliance with
# the VHDL standard as the initial values come from the base signal /testbench/links_out(122)(63 downto 7).
# ** Warning: (vsim-8684) No drivers exist on out port /testbench/AlgoInstance/data_out(123)(63 downto 54), and its initial value is not used.
# Therefore, simulation behavior may occur that is not in compliance with
# the VHDL standard as the initial values come from the base signal /testbench/links_out(123)(63 downto 54).
# ** Warning: (vsim-8684) No drivers exist on out port /testbench/AlgoInstance/data_out(124)(63 downto 7), and its initial value is not used.
# Therefore, simulation behavior may occur that is not in compliance with
# the VHDL standard as the initial values come from the base signal /testbench/links_out(124)(63 downto 7).
# ** Warning: (vsim-8684) No drivers exist on out port /testbench/AlgoInstance/data_out(125)(63 downto 54), and its initial value is not used.
# Therefore, simulation behavior may occur that is not in compliance with
# the VHDL standard as the initial values come from the base signal /testbench/links_out(125)(63 downto 54).
# ** Warning: (vsim-8684) No drivers exist on out port /testbench/AlgoInstance/data_out(126)(63 downto 7), and its initial value is not used.
# Therefore, simulation behavior may occur that is not in compliance with
# the VHDL standard as the initial values come from the base signal /testbench/links_out(126)(63 downto 7).
# ** Warning: (vsim-8684) No drivers exist on out port /testbench/AlgoInstance/data_out(127)(63 downto 54), and its initial value is not used.
# Therefore, simulation behavior may occur that is not in compliance with
# the VHDL standard as the initial values come from the base signal /testbench/links_out(127)(63 downto 54).
# ** Warning: (vsim-8684) No drivers exist on out port /testbench/AlgoInstance/data_out(128)(63 downto 7), and its initial value is not used.
# Therefore, simulation behavior may occur that is not in compliance with
# the VHDL standard as the initial values come from the base signal /testbench/links_out(128)(63 downto 7).
# ** Warning: (vsim-8684) No drivers exist on out port /testbench/AlgoInstance/data_out(129)(63 downto 54), and its initial value is not used.
# Therefore, simulation behavior may occur that is not in compliance with
# the VHDL standard as the initial values come from the base signal /testbench/links_out(129)(63 downto 54).
# ** Warning: (vsim-8684) No drivers exist on out port /testbench/AlgoInstance/data_out(130)(63 downto 7), and its initial value is not used.
# Therefore, simulation behavior may occur that is not in compliance with
# the VHDL standard as the initial values come from the base signal /testbench/links_out(130)(63 downto 7).
# ** Warning: (vsim-8684) No drivers exist on out port /testbench/AlgoInstance/data_out(131)(63 downto 54), and its initial value is not used.
# Therefore, simulation behavior may occur that is not in compliance with
# the VHDL standard as the initial values come from the base signal /testbench/links_out(131)(63 downto 54).
# ** Warning: (vsim-8684) No drivers exist on out port /testbench/AlgoInstance/data_out(132)(63 downto 7), and its initial value is not used.
# Therefore, simulation behavior may occur that is not in compliance with
# the VHDL standard as the initial values come from the base signal /testbench/links_out(132)(63 downto 7).
# ** Warning: (vsim-8684) No drivers exist on out port /testbench/AlgoInstance/data_out(133)(63 downto 54), and its initial value is not used.
# Therefore, simulation behavior may occur that is not in compliance with
# the VHDL standard as the initial values come from the base signal /testbench/links_out(133)(63 downto 54).
# ** Warning: (vsim-8684) No drivers exist on out port /testbench/AlgoInstance/data_out(134)(63 downto 7), and its initial value is not used.
# Therefore, simulation behavior may occur that is not in compliance with
# the VHDL standard as the initial values come from the base signal /testbench/links_out(134)(63 downto 7).
# ** Warning: (vsim-8684) No drivers exist on out port /testbench/AlgoInstance/data_out(135)(63 downto 54), and its initial value is not used.
# Therefore, simulation behavior may occur that is not in compliance with
# the VHDL standard as the initial values come from the base signal /testbench/links_out(135)(63 downto 54).
# ** Warning: (vsim-8684) No drivers exist on out port /testbench/AlgoInstance/data_out(136)(63 downto 7), and its initial value is not used.
# Therefore, simulation behavior may occur that is not in compliance with
# the VHDL standard as the initial values come from the base signal /testbench/links_out(136)(63 downto 7).
# ** Warning: (vsim-8684) No drivers exist on out port /testbench/AlgoInstance/data_out(137)(63 downto 54), and its initial value is not used.
# Therefore, simulation behavior may occur that is not in compliance with
# the VHDL standard as the initial values come from the base signal /testbench/links_out(137)(63 downto 54).
# ** Warning: (vsim-8684) No drivers exist on out port /testbench/AlgoInstance/data_out(138)(63 downto 7), and its initial value is not used.
# Therefore, simulation behavior may occur that is not in compliance with
# the VHDL standard as the initial values come from the base signal /testbench/links_out(138)(63 downto 7).
# ** Warning: (vsim-8684) No drivers exist on out port /testbench/AlgoInstance/data_out(139)(63 downto 54), and its initial value is not used.
# Therefore, simulation behavior may occur that is not in compliance with
# the VHDL standard as the initial values come from the base signal /testbench/links_out(139)(63 downto 54).
# ** Warning: (vsim-8684) No drivers exist on out port /testbench/AlgoInstance/data_out(140)(63 downto 7), and its initial value is not used.
# Therefore, simulation behavior may occur that is not in compliance with
# the VHDL standard as the initial values come from the base signal /testbench/links_out(140)(63 downto 7).
# ** Warning: (vsim-8684) No drivers exist on out port /testbench/AlgoInstance/data_out(141)(63 downto 54), and its initial value is not used.
# Therefore, simulation behavior may occur that is not in compliance with
# the VHDL standard as the initial values come from the base signal /testbench/links_out(141)(63 downto 54).
# ** Warning: (vsim-8684) No drivers exist on out port /testbench/AlgoInstance/data_out(142)(63 downto 7), and its initial value is not used.
# Therefore, simulation behavior may occur that is not in compliance with
# the VHDL standard as the initial values come from the base signal /testbench/links_out(142)(63 downto 7).
# ** Warning: (vsim-8684) No drivers exist on out port /testbench/AlgoInstance/data_out(143)(63 downto 54), and its initial value is not used.
# Therefore, simulation behavior may occur that is not in compliance with
# the VHDL standard as the initial values come from the base signal /testbench/links_out(143)(63 downto 54).
# 1
# 1
# End time: 19:07:56 on Jul 25,2019, Elapsed time: 0:00:03
# Errors: 0, Warnings: 288
